TN:
SF:/Users/maximelafarie/dev/github/forks/ngx-smart-modal-fork/src/ngx-smart-modal/index.ts
FNF:0
FNH:0
DA:1,1
LF:1
LH:1
BRF:0
BRH:0
end_of_record
TN:
SF:/Users/maximelafarie/dev/github/forks/ngx-smart-modal-fork/src/ngx-smart-modal/public_api.ts
FNF:0
FNH:0
DA:4,1
LF:1
LH:1
BRF:0
BRH:0
end_of_record
TN:
SF:/Users/maximelafarie/dev/github/forks/ngx-smart-modal-fork/src/ngx-smart-modal/src/ngx-smart-modal.ts
FNF:0
FNH:0
DA:2,1
DA:3,1
DA:4,1
LF:3
LH:3
BRF:0
BRH:0
end_of_record
TN:
SF:/Users/maximelafarie/dev/github/forks/ngx-smart-modal-fork/src/ngx-smart-modal/src/components/ngx-smart-modal.component.ts
FN:37,(anonymous_2)
FN:72,NgxSmartModalComponent
FN:276,(anonymous_4)
FN:78,(anonymous_5)
FN:91,(anonymous_6)
FN:104,(anonymous_7)
FN:113,(anonymous_8)
FN:133,(anonymous_9)
FN:144,(anonymous_10)
FN:161,(anonymous_11)
FN:177,(anonymous_12)
FN:195,(anonymous_13)
FN:208,(anonymous_14)
FN:221,(anonymous_15)
FN:232,(anonymous_16)
FN:239,(anonymous_17)
FN:249,(anonymous_18)
FN:260,(anonymous_19)
FN:267,(anonymous_20)
FN:289,(anonymous_21)
FNF:20
FNH:19
FNDA:1,(anonymous_2)
FNDA:25,NgxSmartModalComponent
FNDA:2,(anonymous_4)
FNDA:5,(anonymous_5)
FNDA:24,(anonymous_6)
FNDA:19,(anonymous_7)
FNDA:19,(anonymous_8)
FNDA:5,(anonymous_9)
FNDA:4,(anonymous_10)
FNDA:4,(anonymous_11)
FNDA:3,(anonymous_12)
FNDA:3,(anonymous_13)
FNDA:6,(anonymous_14)
FNDA:2,(anonymous_15)
FNDA:6,(anonymous_16)
FNDA:1,(anonymous_17)
FNDA:1,(anonymous_18)
FNDA:3,(anonymous_19)
FNDA:1,(anonymous_20)
FNDA:0,(anonymous_21)
DA:1,1
DA:13,1
DA:37,1
DA:38,25
DA:39,25
DA:40,25
DA:41,25
DA:42,25
DA:43,25
DA:44,25
DA:45,25
DA:46,25
DA:47,25
DA:48,1
DA:50,25
DA:51,25
DA:52,25
DA:53,25
DA:54,25
DA:55,25
DA:56,25
DA:57,25
DA:58,25
DA:59,25
DA:60,25
DA:62,25
DA:63,25
DA:64,25
DA:68,1
DA:69,1
DA:70,1
DA:72,25
DA:73,25
DA:74,25
DA:75,25
DA:78,1
DA:79,5
DA:80,5
DA:81,5
DA:83,5
DA:84,0
DA:87,0
DA:91,1
DA:92,24
DA:93,24
DA:94,24
DA:95,24
DA:104,19
DA:105,19
DA:106,2
DA:109,19
DA:110,19
DA:111,19
DA:113,19
DA:114,19
DA:116,19
DA:117,0
DA:120,19
DA:123,19
DA:125,19
DA:126,18
DA:133,1
DA:134,5
DA:136,5
DA:137,5
DA:138,5
DA:140,5
DA:141,5
DA:144,5
DA:145,4
DA:146,4
DA:147,4
DA:148,4
DA:149,4
DA:150,4
DA:153,5
DA:161,1
DA:162,4
DA:164,4
DA:165,1
DA:168,3
DA:169,3
DA:170,3
DA:171,3
DA:173,3
DA:174,3
DA:177,3
DA:178,3
DA:179,3
DA:180,3
DA:181,3
DA:182,3
DA:183,3
DA:186,3
DA:195,1
DA:196,3
DA:197,1
DA:199,2
DA:208,1
DA:209,6
DA:210,0
DA:212,6
DA:221,1
DA:222,2
DA:223,1
DA:225,1
DA:232,1
DA:233,6
DA:239,1
DA:240,1
DA:249,1
DA:250,1
DA:251,1
DA:252,1
DA:253,1
DA:260,1
DA:261,3
DA:267,1
DA:268,1
DA:269,1
DA:270,1
DA:276,25
DA:277,2
DA:278,0
DA:279,0
DA:280,0
DA:289,1
DA:290,0
DA:291,0
DA:294,0
DA:295,0
DA:297,0
DA:298,0
DA:300,0
DA:301,0
DA:303,0
DA:304,0
DA:306,0
DA:307,0
DA:308,0
DA:309,0
DA:312,0
DA:313,0
DA:316,0
DA:317,0
DA:320,0
DA:321,0
DA:323,1
LF:148
LH:121
BRDA:277,0,0,0
BRDA:277,0,1,2
BRDA:278,1,0,0
BRDA:278,1,1,0
BRDA:79,2,0,5
BRDA:79,2,1,0
BRDA:79,3,0,5
BRDA:79,3,1,5
BRDA:83,4,0,0
BRDA:83,4,1,5
BRDA:94,5,0,24
BRDA:94,5,1,0
BRDA:105,6,0,2
BRDA:105,6,1,17
BRDA:116,7,0,0
BRDA:116,7,1,19
BRDA:125,8,0,18
BRDA:125,8,1,1
BRDA:140,9,0,5
BRDA:140,9,1,0
BRDA:164,10,0,1
BRDA:164,10,1,3
BRDA:168,11,0,3
BRDA:168,11,1,0
BRDA:173,12,0,3
BRDA:173,12,1,0
BRDA:196,13,0,1
BRDA:196,13,1,2
BRDA:209,14,0,0
BRDA:209,14,1,6
BRDA:222,15,0,1
BRDA:222,15,1,1
BRDA:250,16,0,1
BRDA:250,16,1,0
BRDA:250,17,0,1
BRDA:250,17,1,0
BRDA:250,17,2,0
BRDA:290,18,0,0
BRDA:290,18,1,0
BRDA:290,19,0,0
BRDA:290,19,1,0
BRDA:290,19,2,0
BRDA:290,19,3,0
BRDA:306,20,0,0
BRDA:306,20,1,0
BRDA:308,21,0,0
BRDA:308,21,1,0
BRDA:312,22,0,0
BRDA:312,22,1,0
BRDA:316,23,0,0
BRDA:316,23,1,0
BRF:51
BRH:23
end_of_record
TN:
SF:/Users/maximelafarie/dev/github/forks/ngx-smart-modal-fork/src/ngx-smart-modal/src/modules/ngx-smart-modal.module.ts
FN:11,(anonymous_1)
FN:16,(anonymous_3)
FN:26,(anonymous_4)
FNF:3
FNH:1
FNDA:1,(anonymous_1)
FNDA:0,(anonymous_3)
FNDA:0,(anonymous_4)
DA:1,1
DA:2,1
DA:3,1
DA:4,1
DA:11,1
DA:16,1
DA:17,0
DA:26,1
DA:27,0
DA:33,1
LF:10
LH:8
BRF:0
BRH:0
end_of_record
TN:
SF:/Users/maximelafarie/dev/github/forks/ngx-smart-modal-fork/src/ngx-smart-modal/src/services/ngx-smart-modal.service.ts
FN:6,(anonymous_1)
FN:5,NgxSmartModalService
FN:17,(anonymous_3)
FN:19,(anonymous_4)
FN:35,(anonymous_5)
FN:36,(anonymous_6)
FN:50,(anonymous_7)
FN:60,(anonymous_8)
FN:72,(anonymous_9)
FN:86,(anonymous_10)
FN:98,(anonymous_11)
FN:107,(anonymous_12)
FN:108,(anonymous_13)
FN:116,(anonymous_14)
FN:122,(anonymous_15)
FN:123,(anonymous_16)
FN:133,(anonymous_17)
FN:134,(anonymous_18)
FN:142,(anonymous_19)
FN:152,(anonymous_20)
FN:153,(anonymous_21)
FN:172,(anonymous_22)
FN:188,(anonymous_23)
FN:201,(anonymous_24)
FN:202,(anonymous_25)
FN:216,(anonymous_26)
FNF:26
FNH:19
FNDA:1,(anonymous_1)
FNDA:27,NgxSmartModalService
FNDA:10,(anonymous_3)
FNDA:0,(anonymous_4)
FNDA:11,(anonymous_5)
FNDA:11,(anonymous_6)
FNDA:9,(anonymous_7)
FNDA:1,(anonymous_8)
FNDA:1,(anonymous_9)
FNDA:1,(anonymous_10)
FNDA:0,(anonymous_11)
FNDA:8,(anonymous_12)
FNDA:4,(anonymous_13)
FNDA:0,(anonymous_14)
FNDA:0,(anonymous_15)
FNDA:0,(anonymous_16)
FNDA:2,(anonymous_17)
FNDA:0,(anonymous_18)
FNDA:5,(anonymous_19)
FNDA:24,(anonymous_20)
FNDA:9,(anonymous_21)
FNDA:1,(anonymous_22)
FNDA:3,(anonymous_23)
FNDA:1,(anonymous_24)
FNDA:1,(anonymous_25)
FNDA:0,(anonymous_26)
DA:1,1
DA:6,1
DA:7,27
DA:17,1
DA:18,10
DA:19,5
DA:20,5
DA:21,0
DA:23,5
DA:25,5
DA:27,5
DA:35,1
DA:36,11
DA:38,11
DA:39,11
DA:41,0
DA:50,1
DA:51,9
DA:60,2
DA:62,1
DA:63,1
DA:72,1
DA:74,1
DA:75,1
DA:86,2
DA:88,1
DA:89,1
DA:98,1
DA:99,0
DA:107,1
DA:108,8
DA:116,1
DA:117,0
DA:118,0
DA:121,0
DA:122,0
DA:123,0
DA:133,1
DA:134,2
DA:142,1
DA:143,5
DA:152,1
DA:153,24
DA:154,24
DA:155,9
DA:172,1
DA:174,1
DA:175,1
DA:176,1
DA:178,0
DA:188,1
DA:190,3
DA:191,3
DA:201,1
DA:202,1
DA:203,1
DA:204,1
DA:205,1
DA:207,0
DA:216,1
DA:217,0
DA:218,0
DA:221,0
DA:223,1
LF:64
LH:51
BRDA:18,0,0,5
BRDA:18,0,1,5
BRDA:20,1,0,0
BRDA:20,1,1,5
BRDA:38,2,0,11
BRDA:38,2,1,0
BRDA:60,3,0,1
BRDA:60,3,1,0
BRDA:62,4,0,1
BRDA:62,4,1,0
BRDA:74,5,0,1
BRDA:74,5,1,0
BRDA:86,6,0,1
BRDA:86,6,1,0
BRDA:88,7,0,1
BRDA:88,7,1,0
BRDA:117,8,0,0
BRDA:117,8,1,0
BRDA:123,9,0,0
BRDA:123,9,1,0
BRDA:154,10,0,9
BRDA:154,10,1,15
BRDA:174,11,0,1
BRDA:174,11,1,0
BRDA:190,12,0,3
BRDA:190,12,1,0
BRDA:202,13,0,1
BRDA:202,13,1,0
BRDA:217,14,0,0
BRDA:217,14,1,0
BRF:30
BRH:14
end_of_record
